\BOOKMARK [0][]{section*.1}{摘 要}{}% 1
\BOOKMARK [0][]{section*.4}{ABSTRACT}{}% 2
\BOOKMARK [0][]{bnuchapter.1.0}{目 录}{}% 3
\BOOKMARK [0][]{section*.10}{插图索引}{}% 4
\BOOKMARK [0][]{section*.13}{表格索引}{}% 5
\BOOKMARK [0][]{chapter.1}{第 1 章  绪论}{}% 6
\BOOKMARK [1][-]{section.1.1}{1.1 研究背景及意义}{chapter.1}% 7
\BOOKMARK [1][-]{section.1.2}{1.2 国内外研究现状}{chapter.1}% 8
\BOOKMARK [2][-]{subsection.1.2.1}{1.2.1 传统的高分辨率遥感影像分类与识别方法}{section.1.2}% 9
\BOOKMARK [2][-]{subsection.1.2.2}{1.2.2 基于深度学习理论的影像分类研究现状}{section.1.2}% 10
\BOOKMARK [1][-]{section.1.3}{1.3 本文的组织结构}{chapter.1}% 11
\BOOKMARK [1][-]{section.1.4}{1.4 本文主要创新点}{chapter.1}% 12
\BOOKMARK [0][]{chapter.2}{第 2 章  深度学习相关理论}{}% 13
\BOOKMARK [1][-]{section.2.1}{2.1 卷积神经网络基础}{chapter.2}% 14
\BOOKMARK [1][-]{section.2.2}{2.2 全卷积神经网络}{chapter.2}% 15
\BOOKMARK [1][-]{section.2.3}{2.3 生成对抗网络概述}{chapter.2}% 16
\BOOKMARK [2][-]{subsection.2.3.1}{2.3.1 生成对抗网络模型}{section.2.3}% 17
\BOOKMARK [2][-]{subsection.2.3.2}{2.3.2 条件生成对抗网络}{section.2.3}% 18
\BOOKMARK [1][-]{section.2.4}{2.4 本章小结}{chapter.2}% 19
\BOOKMARK [0][]{chapter.3}{第 3 章  基于生成对抗网络的遥感影像分类方法}{}% 20
\BOOKMARK [1][-]{section.3.1}{3.1 引言}{chapter.3}% 21
\BOOKMARK [1][-]{section.3.2}{3.2 基于CGAN 的影像分类方法}{chapter.3}% 22
\BOOKMARK [2][-]{subsection.3.2.1}{3.2.1 算法原理}{section.3.2}% 23
\BOOKMARK [2][-]{subsection.3.2.2}{3.2.2 算法实现}{section.3.2}% 24
\BOOKMARK [1][-]{section.3.3}{3.3 实验数据介绍与预处理}{chapter.3}% 25
\BOOKMARK [2][-]{subsection.3.3.1}{3.3.1 Vaihingen 数据介绍}{section.3.3}% 26
\BOOKMARK [2][-]{subsection.3.3.2}{3.3.2 数据预处理}{section.3.3}% 27
\BOOKMARK [1][-]{section.3.4}{3.4 实验结果与分析}{chapter.3}% 28
\BOOKMARK [2][-]{subsection.3.4.1}{3.4.1 实验环境}{section.3.4}% 29
\BOOKMARK [2][-]{subsection.3.4.2}{3.4.2 评价指标}{section.3.4}% 30
\BOOKMARK [2][-]{subsection.3.4.3}{3.4.3 网络参数}{section.3.4}% 31
\BOOKMARK [2][-]{subsection.3.4.4}{3.4.4 结果与分析}{section.3.4}% 32
\BOOKMARK [1][-]{section.3.5}{3.5 本章小结}{chapter.3}% 33
\BOOKMARK [0][]{chapter.4}{第 4 章  基于CGAN 影像分类的改进方法}{}% 34
\BOOKMARK [1][-]{section.4.1}{4.1 引言}{chapter.4}% 35
\BOOKMARK [1][-]{section.4.2}{4.2 加权损失的基于CGAN 的影像分类方法}{chapter.4}% 36
\BOOKMARK [1][-]{section.4.3}{4.3 带有增强特征的CGAN 影像分类方法}{chapter.4}% 37
\BOOKMARK [1][-]{section.4.4}{4.4 实验结果与分析}{chapter.4}% 38
\BOOKMARK [2][-]{subsection.4.4.1}{4.4.1 神湾地区实验}{section.4.4}% 39
\BOOKMARK [2][-]{subsection.4.4.2}{4.4.2 横琴地区实验}{section.4.4}% 40
\BOOKMARK [1][-]{section.4.5}{4.5 本章小结}{chapter.4}% 41
\BOOKMARK [0][]{chapter.5}{第 5 章  总结与展望}{}% 42
\BOOKMARK [1][-]{section.5.1}{5.1 本文的主要内容}{chapter.5}% 43
\BOOKMARK [1][-]{section.5.2}{5.2 未来的期望}{chapter.5}% 44
\BOOKMARK [0][]{section*.65}{参考文献}{}% 45
\BOOKMARK [0][]{section*.68}{学术成果}{}% 46
\BOOKMARK [0][]{section*.71}{致谢}{}% 47
