\BOOKMARK [-1][]{ctitle.-1}{\376\377\123\027\116\254\136\010\203\003\131\047\133\146\170\125\130\353\133\146\117\115\213\272\145\207\150\007\230\230}{}% 1
\BOOKMARK [0][]{section*.2}{\376\377\144\130\000\040\211\201}{ctitle.-1}% 2
\BOOKMARK [0][]{section*.5}{\376\377\000A\000B\000S\000T\000R\000A\000C\000T}{ctitle.-1}% 3
\BOOKMARK [0][]{bnuchapter.1.0}{\376\377\166\356\000\040\137\125}{ctitle.-1}% 4
\BOOKMARK [0][]{section*.11}{\376\377\143\322\126\376\175\042\137\025}{ctitle.-1}% 5
\BOOKMARK [0][]{section*.14}{\376\377\210\150\150\074\175\042\137\025}{ctitle.-1}% 6
\BOOKMARK [0][]{chapter.1}{\376\377\173\054\000\040\0001\000\040\172\340\000\040\000\040\176\352\213\272}{ctitle.-1}% 7
\BOOKMARK [1][-]{section.1.1}{\376\377\0001\000.\0001\000\040\170\024\172\166\200\314\146\157\123\312\141\017\116\111}{chapter.1}% 8
\BOOKMARK [1][-]{section.1.2}{\376\377\0001\000.\0002\000\040\126\375\121\205\131\026\170\024\172\166\163\260\162\266}{chapter.1}% 9
\BOOKMARK [2][-]{subsection.1.2.1}{\376\377\0001\000.\0002\000.\0001\000\040\117\040\176\337\166\204\232\330\122\006\217\250\163\207\220\145\141\037\137\161\120\317\122\006\174\173\116\016\213\306\122\053\145\271\154\325}{section.1.2}% 10
\BOOKMARK [2][-]{subsection.1.2.2}{\376\377\0001\000.\0002\000.\0002\000\040\127\372\116\216\155\361\136\246\133\146\116\140\142\200\147\057\137\161\120\317\213\306\122\053\116\016\122\006\174\173\170\024\172\166\163\260\162\266}{section.1.2}% 11
\BOOKMARK [2][-]{subsection.1.2.3}{\376\377\0001\000.\0002\000.\0003\000\040\133\130\127\050\166\204\116\073\211\201\225\356\230\230}{section.1.2}% 12
\BOOKMARK [1][-]{section.1.3}{\376\377\0001\000.\0003\000\040\147\054\145\207\166\204\176\304\176\307\176\323\147\204}{chapter.1}% 13
\BOOKMARK [1][-]{section.1.4}{\376\377\0001\000.\0004\000\040\147\054\145\207\116\073\211\201\122\033\145\260\160\271}{chapter.1}% 14
\BOOKMARK [0][]{chapter.2}{\376\377\173\054\000\040\0002\000\040\172\340\000\040\000\040\170\024\172\166\123\072\116\016\145\160\143\156\226\306\116\313\176\315}{ctitle.-1}% 15
\BOOKMARK [1][-]{section.2.1}{\376\377\0002\000.\0001\000\040\145\160\143\156\226\306}{chapter.2}% 16
\BOOKMARK [2][-]{subsection.2.1.1}{\376\377\0002\000.\0001\000.\0001\000\040\176\330\126\376}{section.2.1}% 17
\BOOKMARK [2][-]{subsection.2.1.2}{\376\377\0002\000.\0001\000.\0002\000\040\143\322\126\376}{section.2.1}% 18
\BOOKMARK [3][-]{subsubsection.2.1.2.1}{\376\377\0002\000.\0001\000.\0002\000.\0001\000\040\116\000\116\052\126\376\137\142}{subsection.2.1.2}% 19
\BOOKMARK [0][]{chapter.3}{\376\377\173\054\000\040\0003\000\040\172\340\000\040\000\040\227\142\124\021\133\371\214\141\166\204\220\145\141\037\137\161\120\317\166\204\123\072\225\364\116\214\127\213\152\041\174\312\200\132\174\173\122\006\122\162\173\227\154\325}{ctitle.-1}% 20
\BOOKMARK [1][-]{section.3.1}{\376\377\0003\000.\0001\000\040\137\025\212\000}{chapter.3}% 21
\BOOKMARK [1][-]{section.3.2}{\376\377\0003\000.\0002\000\040\116\011\211\322\137\142\152\041\174\312\226\306\120\074\136\372\152\041\116\016\166\370\117\074\140\047\136\246\221\317}{chapter.3}% 22
\BOOKMARK [1][-]{section.3.3}{\376\377\0003\000.\0003\000\040\133\127\117\123\124\175\116\344}{chapter.3}% 23
\BOOKMARK [0][]{chapter.4}{\376\377\173\054\000\040\0004\000\040\172\340\000\040\000\040\145\271\154\325\116\214}{ctitle.-1}% 24
\BOOKMARK [1][-]{section.4.1}{\376\377\0004\000.\0001\000\040\134\001\227\142\166\370\121\163}{chapter.4}% 25
\BOOKMARK [1][-]{section.4.2}{\376\377\0004\000.\0002\000\040\133\127\117\123\124\175\116\344}{chapter.4}% 26
\BOOKMARK [0][]{chapter.5}{\376\377\173\054\000\040\0005\000\040\172\340\000\040\000\040\173\054\116\224\172\340}{ctitle.-1}% 27
\BOOKMARK [1][-]{section.5.1}{\376\377\0005\000.\0001\000\040\134\001\227\142\166\370\121\163}{chapter.5}% 28
\BOOKMARK [1][-]{section.5.2}{\376\377\0005\000.\0002\000\040\133\127\117\123\124\175\116\344}{chapter.5}% 29
\BOOKMARK [0][]{chapter.6}{\376\377\173\054\000\040\0006\000\040\172\340\000\040\000\040\140\073\176\323\116\016\134\125\147\033}{ctitle.-1}% 30
\BOOKMARK [1][-]{section.6.1}{\376\377\0006\000.\0001\000\040\147\054\145\207\166\204\116\073\211\201\121\205\133\271}{chapter.6}% 31
\BOOKMARK [1][-]{section.6.2}{\376\377\0006\000.\0002\000\040\147\052\147\145\166\204\147\037\147\033}{chapter.6}% 32
\BOOKMARK [0][]{section*.32}{\376\377\201\364\214\042}{ctitle.-1}% 33
\BOOKMARK [0][]{section*.35}{\376\377\123\302\200\003\145\207\163\056}{ctitle.-1}% 34
\BOOKMARK [0][]{section*.38}{\376\377\133\146\147\057\142\020\147\234}{ctitle.-1}% 35
